2016-02-29 17:00:35  [ main:297 ] - [ ERROR ]  <Context initialization failed>
org.springframework.beans.factory.xml.XmlBeanDefinitionStoreException: Line 69 in XML document from URL [file:/C:/Users/zhanghongjiang/git/m0427/web/target/classes/conf/security-config.xml] is invalid; nested exception is org.xml.sax.SAXParseException; lineNumber: 69; columnNumber: 4; 元素类型 "beans:beans" 必须由匹配的结束标记 "</beans:beans>" 终止。
	at org.springframework.beans.factory.xml.XmlBeanDefinitionReader.doLoadBeanDefinitions(XmlBeanDefinitionReader.java:396)
	at org.springframework.beans.factory.xml.XmlBeanDefinitionReader.loadBeanDefinitions(XmlBeanDefinitionReader.java:334)
	at org.springframework.beans.factory.xml.XmlBeanDefinitionReader.loadBeanDefinitions(XmlBeanDefinitionReader.java:302)
	at org.springframework.beans.factory.support.AbstractBeanDefinitionReader.loadBeanDefinitions(AbstractBeanDefinitionReader.java:174)
	at org.springframework.beans.factory.support.AbstractBeanDefinitionReader.loadBeanDefinitions(AbstractBeanDefinitionReader.java:209)
	at org.springframework.beans.factory.support.AbstractBeanDefinitionReader.loadBeanDefinitions(AbstractBeanDefinitionReader.java:180)
	at org.springframework.web.context.support.XmlWebApplicationContext.loadBeanDefinitions(XmlWebApplicationContext.java:125)
	at org.springframework.web.context.support.XmlWebApplicationContext.loadBeanDefinitions(XmlWebApplicationContext.java:94)
	at org.springframework.context.support.AbstractRefreshableApplicationContext.refreshBeanFactory(AbstractRefreshableApplicationContext.java:130)
	at org.springframework.context.support.AbstractApplicationContext.obtainFreshBeanFactory(AbstractApplicationContext.java:537)
	at org.springframework.context.support.AbstractApplicationContext.refresh(AbstractApplicationContext.java:451)
	at org.springframework.web.context.ContextLoader.configureAndRefreshWebApplicationContext(ContextLoader.java:389)
	at org.springframework.web.context.ContextLoader.initWebApplicationContext(ContextLoader.java:294)
	at org.springframework.web.context.ContextLoaderListener.contextInitialized(ContextLoaderListener.java:112)
	at org.mortbay.jetty.handler.ContextHandler.startContext(ContextHandler.java:530)
	at org.mortbay.jetty.servlet.Context.startContext(Context.java:135)
	at org.mortbay.jetty.webapp.WebAppContext.startContext(WebAppContext.java:1218)
	at org.mortbay.jetty.handler.ContextHandler.doStart(ContextHandler.java:500)
	at org.mortbay.jetty.webapp.WebAppContext.doStart(WebAppContext.java:448)
	at org.mortbay.component.AbstractLifeCycle.start(AbstractLifeCycle.java:40)
	at org.mortbay.jetty.handler.HandlerCollection.doStart(HandlerCollection.java:147)
	at org.mortbay.jetty.handler.ContextHandlerCollection.doStart(ContextHandlerCollection.java:161)
	at org.mortbay.component.AbstractLifeCycle.start(AbstractLifeCycle.java:40)
	at org.mortbay.jetty.handler.HandlerCollection.doStart(HandlerCollection.java:147)
	at org.mortbay.component.AbstractLifeCycle.start(AbstractLifeCycle.java:40)
	at org.mortbay.jetty.handler.HandlerWrapper.doStart(HandlerWrapper.java:117)
	at org.mortbay.jetty.Server.doStart(Server.java:217)
	at org.mortbay.component.AbstractLifeCycle.start(AbstractLifeCycle.java:40)
	at org.mortbay.jetty.plugin.Jetty6PluginServer.start(Jetty6PluginServer.java:132)
	at org.mortbay.jetty.plugin.AbstractJettyMojo.startJetty(AbstractJettyMojo.java:345)
	at org.mortbay.jetty.plugin.AbstractJettyMojo.execute(AbstractJettyMojo.java:286)
	at org.mortbay.jetty.plugin.AbstractJettyRunMojo.execute(AbstractJettyRunMojo.java:204)
	at org.mortbay.jetty.plugin.Jetty6RunMojo.execute(Jetty6RunMojo.java:183)
	at org.apache.maven.plugin.DefaultBuildPluginManager.executeMojo(DefaultBuildPluginManager.java:133)
	at org.apache.maven.lifecycle.internal.MojoExecutor.execute(MojoExecutor.java:208)
	at org.apache.maven.lifecycle.internal.MojoExecutor.execute(MojoExecutor.java:153)
	at org.apache.maven.lifecycle.internal.MojoExecutor.execute(MojoExecutor.java:145)
	at org.apache.maven.lifecycle.internal.LifecycleModuleBuilder.buildProject(LifecycleModuleBuilder.java:108)
	at org.apache.maven.lifecycle.internal.LifecycleModuleBuilder.buildProject(LifecycleModuleBuilder.java:76)
	at org.apache.maven.lifecycle.internal.builder.singlethreaded.SingleThreadedBuilder.build(SingleThreadedBuilder.java:51)
	at org.apache.maven.lifecycle.internal.LifecycleStarter.execute(LifecycleStarter.java:116)
	at org.apache.maven.DefaultMaven.doExecute(DefaultMaven.java:361)
	at org.apache.maven.DefaultMaven.execute(DefaultMaven.java:155)
	at org.apache.maven.cli.MavenCli.execute(MavenCli.java:584)
	at org.apache.maven.cli.MavenCli.doMain(MavenCli.java:213)
	at org.apache.maven.cli.MavenCli.main(MavenCli.java:157)
	at sun.reflect.NativeMethodAccessorImpl.invoke0(Native Method)
	at sun.reflect.NativeMethodAccessorImpl.invoke(NativeMethodAccessorImpl.java:57)
	at sun.reflect.DelegatingMethodAccessorImpl.invoke(DelegatingMethodAccessorImpl.java:43)
	at java.lang.reflect.Method.invoke(Method.java:606)
	at org.codehaus.plexus.classworlds.launcher.Launcher.launchEnhanced(Launcher.java:289)
	at org.codehaus.plexus.classworlds.launcher.Launcher.launch(Launcher.java:229)
	at org.codehaus.plexus.classworlds.launcher.Launcher.mainWithExitCode(Launcher.java:415)
	at org.codehaus.plexus.classworlds.launcher.Launcher.main(Launcher.java:356)
Caused by: org.xml.sax.SAXParseException; lineNumber: 69; columnNumber: 4; 元素类型 "beans:beans" 必须由匹配的结束标记 "</beans:beans>" 终止。
	at com.sun.org.apache.xerces.internal.util.ErrorHandlerWrapper.createSAXParseException(ErrorHandlerWrapper.java:198)
	at com.sun.org.apache.xerces.internal.util.ErrorHandlerWrapper.fatalError(ErrorHandlerWrapper.java:177)
	at com.sun.org.apache.xerces.internal.impl.XMLErrorReporter.reportError(XMLErrorReporter.java:441)
	at com.sun.org.apache.xerces.internal.impl.XMLErrorReporter.reportError(XMLErrorReporter.java:368)
	at com.sun.org.apache.xerces.internal.impl.XMLScanner.reportFatalError(XMLScanner.java:1436)
	at com.sun.org.apache.xerces.internal.impl.XMLDocumentFragmentScannerImpl.scanEndElement(XMLDocumentFragmentScannerImpl.java:1749)
	at com.sun.org.apache.xerces.internal.impl.XMLDocumentFragmentScannerImpl$FragmentContentDriver.next(XMLDocumentFragmentScannerImpl.java:2973)
	at com.sun.org.apache.xerces.internal.impl.XMLDocumentScannerImpl.next(XMLDocumentScannerImpl.java:606)
	at com.sun.org.apache.xerces.internal.impl.XMLNSDocumentScannerImpl.next(XMLNSDocumentScannerImpl.java:117)
	at com.sun.org.apache.xerces.internal.impl.XMLDocumentFragmentScannerImpl.scanDocument(XMLDocumentFragmentScannerImpl.java:510)
	at com.sun.org.apache.xerces.internal.parsers.XML11Configuration.parse(XML11Configuration.java:848)
	at com.sun.org.apache.xerces.internal.parsers.XML11Configuration.parse(XML11Configuration.java:777)
	at com.sun.org.apache.xerces.internal.parsers.XMLParser.parse(XMLParser.java:141)
	at com.sun.org.apache.xerces.internal.parsers.DOMParser.parse(DOMParser.java:243)
	at com.sun.org.apache.xerces.internal.jaxp.DocumentBuilderImpl.parse(DocumentBuilderImpl.java:347)
	at org.springframework.beans.factory.xml.DefaultDocumentLoader.loadDocument(DefaultDocumentLoader.java:75)
	at org.springframework.beans.factory.xml.XmlBeanDefinitionReader.doLoadBeanDefinitions(XmlBeanDefinitionReader.java:388)
	... 53 more
2016-02-29 17:03:06  [ Timer-1:218 ] - [ ERROR ]  <Context initialization failed>
org.springframework.beans.factory.xml.XmlBeanDefinitionStoreException: Line 66 in XML document from URL [file:/C:/Users/zhanghongjiang/git/m0427/web/target/classes/conf/security-config.xml] is invalid; nested exception is org.xml.sax.SAXParseException; lineNumber: 66; columnNumber: 83; cvc-complex-type.2.4.c: 通配符的匹配很全面, 但无法找到元素 'bean' 的声明。
	at org.springframework.beans.factory.xml.XmlBeanDefinitionReader.doLoadBeanDefinitions(XmlBeanDefinitionReader.java:396)
	at org.springframework.beans.factory.xml.XmlBeanDefinitionReader.loadBeanDefinitions(XmlBeanDefinitionReader.java:334)
	at org.springframework.beans.factory.xml.XmlBeanDefinitionReader.loadBeanDefinitions(XmlBeanDefinitionReader.java:302)
	at org.springframework.beans.factory.support.AbstractBeanDefinitionReader.loadBeanDefinitions(AbstractBeanDefinitionReader.java:174)
	at org.springframework.beans.factory.support.AbstractBeanDefinitionReader.loadBeanDefinitions(AbstractBeanDefinitionReader.java:209)
	at org.springframework.beans.factory.support.AbstractBeanDefinitionReader.loadBeanDefinitions(AbstractBeanDefinitionReader.java:180)
	at org.springframework.web.context.support.XmlWebApplicationContext.loadBeanDefinitions(XmlWebApplicationContext.java:125)
	at org.springframework.web.context.support.XmlWebApplicationContext.loadBeanDefinitions(XmlWebApplicationContext.java:94)
	at org.springframework.context.support.AbstractRefreshableApplicationContext.refreshBeanFactory(AbstractRefreshableApplicationContext.java:130)
	at org.springframework.context.support.AbstractApplicationContext.obtainFreshBeanFactory(AbstractApplicationContext.java:537)
	at org.springframework.context.support.AbstractApplicationContext.refresh(AbstractApplicationContext.java:451)
	at org.springframework.web.context.ContextLoader.configureAndRefreshWebApplicationContext(ContextLoader.java:389)
	at org.springframework.web.context.ContextLoader.initWebApplicationContext(ContextLoader.java:294)
	at org.springframework.web.context.ContextLoaderListener.contextInitialized(ContextLoaderListener.java:112)
	at org.mortbay.jetty.handler.ContextHandler.startContext(ContextHandler.java:530)
	at org.mortbay.jetty.servlet.Context.startContext(Context.java:135)
	at org.mortbay.jetty.webapp.WebAppContext.startContext(WebAppContext.java:1218)
	at org.mortbay.jetty.handler.ContextHandler.doStart(ContextHandler.java:500)
	at org.mortbay.jetty.webapp.WebAppContext.doStart(WebAppContext.java:448)
	at org.mortbay.component.AbstractLifeCycle.start(AbstractLifeCycle.java:40)
	at org.mortbay.jetty.plugin.Jetty6PluginWebApplication.start(Jetty6PluginWebApplication.java:144)
	at org.mortbay.jetty.plugin.AbstractJettyRunMojo$1.filesChanged(AbstractJettyRunMojo.java:423)
	at org.mortbay.util.Scanner.reportBulkChanges(Scanner.java:456)
	at org.mortbay.util.Scanner.reportDifferences(Scanner.java:327)
	at org.mortbay.util.Scanner.scan(Scanner.java:254)
	at org.mortbay.util.Scanner$1.run(Scanner.java:225)
	at java.util.TimerThread.mainLoop(Timer.java:555)
	at java.util.TimerThread.run(Timer.java:505)
Caused by: org.xml.sax.SAXParseException; lineNumber: 66; columnNumber: 83; cvc-complex-type.2.4.c: 通配符的匹配很全面, 但无法找到元素 'bean' 的声明。
	at com.sun.org.apache.xerces.internal.util.ErrorHandlerWrapper.createSAXParseException(ErrorHandlerWrapper.java:198)
	at com.sun.org.apache.xerces.internal.util.ErrorHandlerWrapper.error(ErrorHandlerWrapper.java:134)
	at com.sun.org.apache.xerces.internal.impl.XMLErrorReporter.reportError(XMLErrorReporter.java:437)
	at com.sun.org.apache.xerces.internal.impl.XMLErrorReporter.reportError(XMLErrorReporter.java:368)
	at com.sun.org.apache.xerces.internal.impl.XMLErrorReporter.reportError(XMLErrorReporter.java:325)
	at com.sun.org.apache.xerces.internal.impl.xs.XMLSchemaValidator$XSIErrorReporter.reportError(XMLSchemaValidator.java:458)
	at com.sun.org.apache.xerces.internal.impl.xs.XMLSchemaValidator.reportSchemaError(XMLSchemaValidator.java:3237)
	at com.sun.org.apache.xerces.internal.impl.xs.XMLSchemaValidator.handleStartElement(XMLSchemaValidator.java:1917)
	at com.sun.org.apache.xerces.internal.impl.xs.XMLSchemaValidator.emptyElement(XMLSchemaValidator.java:766)
	at com.sun.org.apache.xerces.internal.impl.XMLNSDocumentScannerImpl.scanStartElement(XMLNSDocumentScannerImpl.java:356)
	at com.sun.org.apache.xerces.internal.impl.XMLDocumentFragmentScannerImpl$FragmentContentDriver.next(XMLDocumentFragmentScannerImpl.java:2786)
	at com.sun.org.apache.xerces.internal.impl.XMLDocumentScannerImpl.next(XMLDocumentScannerImpl.java:606)
	at com.sun.org.apache.xerces.internal.impl.XMLNSDocumentScannerImpl.next(XMLNSDocumentScannerImpl.java:117)
	at com.sun.org.apache.xerces.internal.impl.XMLDocumentFragmentScannerImpl.scanDocument(XMLDocumentFragmentScannerImpl.java:510)
	at com.sun.org.apache.xerces.internal.parsers.XML11Configuration.parse(XML11Configuration.java:848)
	at com.sun.org.apache.xerces.internal.parsers.XML11Configuration.parse(XML11Configuration.java:777)
	at com.sun.org.apache.xerces.internal.parsers.XMLParser.parse(XMLParser.java:141)
	at com.sun.org.apache.xerces.internal.parsers.DOMParser.parse(DOMParser.java:243)
	at com.sun.org.apache.xerces.internal.jaxp.DocumentBuilderImpl.parse(DocumentBuilderImpl.java:347)
	at org.springframework.beans.factory.xml.DefaultDocumentLoader.loadDocument(DefaultDocumentLoader.java:75)
	at org.springframework.beans.factory.xml.XmlBeanDefinitionReader.doLoadBeanDefinitions(XmlBeanDefinitionReader.java:388)
	... 27 more
2016-02-29 17:05:44  [ main:297 ] - [ ERROR ]  <Context initialization failed>
org.springframework.beans.factory.xml.XmlBeanDefinitionStoreException: Line 66 in XML document from URL [file:/C:/Users/zhanghongjiang/git/m0427/web/target/classes/conf/security-config.xml] is invalid; nested exception is org.xml.sax.SAXParseException; lineNumber: 66; columnNumber: 83; cvc-complex-type.2.4.c: 通配符的匹配很全面, 但无法找到元素 'bean' 的声明。
	at org.springframework.beans.factory.xml.XmlBeanDefinitionReader.doLoadBeanDefinitions(XmlBeanDefinitionReader.java:396)
	at org.springframework.beans.factory.xml.XmlBeanDefinitionReader.loadBeanDefinitions(XmlBeanDefinitionReader.java:334)
	at org.springframework.beans.factory.xml.XmlBeanDefinitionReader.loadBeanDefinitions(XmlBeanDefinitionReader.java:302)
	at org.springframework.beans.factory.support.AbstractBeanDefinitionReader.loadBeanDefinitions(AbstractBeanDefinitionReader.java:174)
	at org.springframework.beans.factory.support.AbstractBeanDefinitionReader.loadBeanDefinitions(AbstractBeanDefinitionReader.java:209)
	at org.springframework.beans.factory.support.AbstractBeanDefinitionReader.loadBeanDefinitions(AbstractBeanDefinitionReader.java:180)
	at org.springframework.web.context.support.XmlWebApplicationContext.loadBeanDefinitions(XmlWebApplicationContext.java:125)
	at org.springframework.web.context.support.XmlWebApplicationContext.loadBeanDefinitions(XmlWebApplicationContext.java:94)
	at org.springframework.context.support.AbstractRefreshableApplicationContext.refreshBeanFactory(AbstractRefreshableApplicationContext.java:130)
	at org.springframework.context.support.AbstractApplicationContext.obtainFreshBeanFactory(AbstractApplicationContext.java:537)
	at org.springframework.context.support.AbstractApplicationContext.refresh(AbstractApplicationContext.java:451)
	at org.springframework.web.context.ContextLoader.configureAndRefreshWebApplicationContext(ContextLoader.java:389)
	at org.springframework.web.context.ContextLoader.initWebApplicationContext(ContextLoader.java:294)
	at org.springframework.web.context.ContextLoaderListener.contextInitialized(ContextLoaderListener.java:112)
	at org.mortbay.jetty.handler.ContextHandler.startContext(ContextHandler.java:530)
	at org.mortbay.jetty.servlet.Context.startContext(Context.java:135)
	at org.mortbay.jetty.webapp.WebAppContext.startContext(WebAppContext.java:1218)
	at org.mortbay.jetty.handler.ContextHandler.doStart(ContextHandler.java:500)
	at org.mortbay.jetty.webapp.WebAppContext.doStart(WebAppContext.java:448)
	at org.mortbay.component.AbstractLifeCycle.start(AbstractLifeCycle.java:40)
	at org.mortbay.jetty.handler.HandlerCollection.doStart(HandlerCollection.java:147)
	at org.mortbay.jetty.handler.ContextHandlerCollection.doStart(ContextHandlerCollection.java:161)
	at org.mortbay.component.AbstractLifeCycle.start(AbstractLifeCycle.java:40)
	at org.mortbay.jetty.handler.HandlerCollection.doStart(HandlerCollection.java:147)
	at org.mortbay.component.AbstractLifeCycle.start(AbstractLifeCycle.java:40)
	at org.mortbay.jetty.handler.HandlerWrapper.doStart(HandlerWrapper.java:117)
	at org.mortbay.jetty.Server.doStart(Server.java:217)
	at org.mortbay.component.AbstractLifeCycle.start(AbstractLifeCycle.java:40)
	at org.mortbay.jetty.plugin.Jetty6PluginServer.start(Jetty6PluginServer.java:132)
	at org.mortbay.jetty.plugin.AbstractJettyMojo.startJetty(AbstractJettyMojo.java:345)
	at org.mortbay.jetty.plugin.AbstractJettyMojo.execute(AbstractJettyMojo.java:286)
	at org.mortbay.jetty.plugin.AbstractJettyRunMojo.execute(AbstractJettyRunMojo.java:204)
	at org.mortbay.jetty.plugin.Jetty6RunMojo.execute(Jetty6RunMojo.java:183)
	at org.apache.maven.plugin.DefaultBuildPluginManager.executeMojo(DefaultBuildPluginManager.java:133)
	at org.apache.maven.lifecycle.internal.MojoExecutor.execute(MojoExecutor.java:208)
	at org.apache.maven.lifecycle.internal.MojoExecutor.execute(MojoExecutor.java:153)
	at org.apache.maven.lifecycle.internal.MojoExecutor.execute(MojoExecutor.java:145)
	at org.apache.maven.lifecycle.internal.LifecycleModuleBuilder.buildProject(LifecycleModuleBuilder.java:108)
	at org.apache.maven.lifecycle.internal.LifecycleModuleBuilder.buildProject(LifecycleModuleBuilder.java:76)
	at org.apache.maven.lifecycle.internal.builder.singlethreaded.SingleThreadedBuilder.build(SingleThreadedBuilder.java:51)
	at org.apache.maven.lifecycle.internal.LifecycleStarter.execute(LifecycleStarter.java:116)
	at org.apache.maven.DefaultMaven.doExecute(DefaultMaven.java:361)
	at org.apache.maven.DefaultMaven.execute(DefaultMaven.java:155)
	at org.apache.maven.cli.MavenCli.execute(MavenCli.java:584)
	at org.apache.maven.cli.MavenCli.doMain(MavenCli.java:213)
	at org.apache.maven.cli.MavenCli.main(MavenCli.java:157)
	at sun.reflect.NativeMethodAccessorImpl.invoke0(Native Method)
	at sun.reflect.NativeMethodAccessorImpl.invoke(NativeMethodAccessorImpl.java:57)
	at sun.reflect.DelegatingMethodAccessorImpl.invoke(DelegatingMethodAccessorImpl.java:43)
	at java.lang.reflect.Method.invoke(Method.java:606)
	at org.codehaus.plexus.classworlds.launcher.Launcher.launchEnhanced(Launcher.java:289)
	at org.codehaus.plexus.classworlds.launcher.Launcher.launch(Launcher.java:229)
	at org.codehaus.plexus.classworlds.launcher.Launcher.mainWithExitCode(Launcher.java:415)
	at org.codehaus.plexus.classworlds.launcher.Launcher.main(Launcher.java:356)
Caused by: org.xml.sax.SAXParseException; lineNumber: 66; columnNumber: 83; cvc-complex-type.2.4.c: 通配符的匹配很全面, 但无法找到元素 'bean' 的声明。
	at com.sun.org.apache.xerces.internal.util.ErrorHandlerWrapper.createSAXParseException(ErrorHandlerWrapper.java:198)
	at com.sun.org.apache.xerces.internal.util.ErrorHandlerWrapper.error(ErrorHandlerWrapper.java:134)
	at com.sun.org.apache.xerces.internal.impl.XMLErrorReporter.reportError(XMLErrorReporter.java:437)
	at com.sun.org.apache.xerces.internal.impl.XMLErrorReporter.reportError(XMLErrorReporter.java:368)
	at com.sun.org.apache.xerces.internal.impl.XMLErrorReporter.reportError(XMLErrorReporter.java:325)
	at com.sun.org.apache.xerces.internal.impl.xs.XMLSchemaValidator$XSIErrorReporter.reportError(XMLSchemaValidator.java:458)
	at com.sun.org.apache.xerces.internal.impl.xs.XMLSchemaValidator.reportSchemaError(XMLSchemaValidator.java:3237)
	at com.sun.org.apache.xerces.internal.impl.xs.XMLSchemaValidator.handleStartElement(XMLSchemaValidator.java:1917)
	at com.sun.org.apache.xerces.internal.impl.xs.XMLSchemaValidator.emptyElement(XMLSchemaValidator.java:766)
	at com.sun.org.apache.xerces.internal.impl.XMLNSDocumentScannerImpl.scanStartElement(XMLNSDocumentScannerImpl.java:356)
	at com.sun.org.apache.xerces.internal.impl.XMLDocumentFragmentScannerImpl$FragmentContentDriver.next(XMLDocumentFragmentScannerImpl.java:2786)
	at com.sun.org.apache.xerces.internal.impl.XMLDocumentScannerImpl.next(XMLDocumentScannerImpl.java:606)
	at com.sun.org.apache.xerces.internal.impl.XMLNSDocumentScannerImpl.next(XMLNSDocumentScannerImpl.java:117)
	at com.sun.org.apache.xerces.internal.impl.XMLDocumentFragmentScannerImpl.scanDocument(XMLDocumentFragmentScannerImpl.java:510)
	at com.sun.org.apache.xerces.internal.parsers.XML11Configuration.parse(XML11Configuration.java:848)
	at com.sun.org.apache.xerces.internal.parsers.XML11Configuration.parse(XML11Configuration.java:777)
	at com.sun.org.apache.xerces.internal.parsers.XMLParser.parse(XMLParser.java:141)
	at com.sun.org.apache.xerces.internal.parsers.DOMParser.parse(DOMParser.java:243)
	at com.sun.org.apache.xerces.internal.jaxp.DocumentBuilderImpl.parse(DocumentBuilderImpl.java:347)
	at org.springframework.beans.factory.xml.DefaultDocumentLoader.loadDocument(DefaultDocumentLoader.java:75)
	at org.springframework.beans.factory.xml.XmlBeanDefinitionReader.doLoadBeanDefinitions(XmlBeanDefinitionReader.java:388)
	... 53 more
2016-02-29 17:06:18  [ main:490 ] - [ ERROR ]  <Context initialization failed>
org.springframework.beans.factory.xml.XmlBeanDefinitionStoreException: Line 66 in XML document from URL [file:/C:/Users/zhanghongjiang/git/m0427/web/target/classes/conf/security-config.xml] is invalid; nested exception is org.xml.sax.SAXParseException; lineNumber: 66; columnNumber: 83; cvc-complex-type.2.4.c: 通配符的匹配很全面, 但无法找到元素 'bean' 的声明。
	at org.springframework.beans.factory.xml.XmlBeanDefinitionReader.doLoadBeanDefinitions(XmlBeanDefinitionReader.java:396)
	at org.springframework.beans.factory.xml.XmlBeanDefinitionReader.loadBeanDefinitions(XmlBeanDefinitionReader.java:334)
	at org.springframework.beans.factory.xml.XmlBeanDefinitionReader.loadBeanDefinitions(XmlBeanDefinitionReader.java:302)
	at org.springframework.beans.factory.support.AbstractBeanDefinitionReader.loadBeanDefinitions(AbstractBeanDefinitionReader.java:174)
	at org.springframework.beans.factory.support.AbstractBeanDefinitionReader.loadBeanDefinitions(AbstractBeanDefinitionReader.java:209)
	at org.springframework.beans.factory.support.AbstractBeanDefinitionReader.loadBeanDefinitions(AbstractBeanDefinitionReader.java:180)
	at org.springframework.web.context.support.XmlWebApplicationContext.loadBeanDefinitions(XmlWebApplicationContext.java:125)
	at org.springframework.web.context.support.XmlWebApplicationContext.loadBeanDefinitions(XmlWebApplicationContext.java:94)
	at org.springframework.context.support.AbstractRefreshableApplicationContext.refreshBeanFactory(AbstractRefreshableApplicationContext.java:130)
	at org.springframework.context.support.AbstractApplicationContext.obtainFreshBeanFactory(AbstractApplicationContext.java:537)
	at org.springframework.context.support.AbstractApplicationContext.refresh(AbstractApplicationContext.java:451)
	at org.springframework.web.context.ContextLoader.configureAndRefreshWebApplicationContext(ContextLoader.java:389)
	at org.springframework.web.context.ContextLoader.initWebApplicationContext(ContextLoader.java:294)
	at org.springframework.web.context.ContextLoaderListener.contextInitialized(ContextLoaderListener.java:112)
	at org.mortbay.jetty.handler.ContextHandler.startContext(ContextHandler.java:530)
	at org.mortbay.jetty.servlet.Context.startContext(Context.java:135)
	at org.mortbay.jetty.webapp.WebAppContext.startContext(WebAppContext.java:1218)
	at org.mortbay.jetty.handler.ContextHandler.doStart(ContextHandler.java:500)
	at org.mortbay.jetty.webapp.WebAppContext.doStart(WebAppContext.java:448)
	at org.mortbay.component.AbstractLifeCycle.start(AbstractLifeCycle.java:40)
	at org.mortbay.jetty.handler.HandlerCollection.doStart(HandlerCollection.java:147)
	at org.mortbay.jetty.handler.ContextHandlerCollection.doStart(ContextHandlerCollection.java:161)
	at org.mortbay.component.AbstractLifeCycle.start(AbstractLifeCycle.java:40)
	at org.mortbay.jetty.handler.HandlerCollection.doStart(HandlerCollection.java:147)
	at org.mortbay.component.AbstractLifeCycle.start(AbstractLifeCycle.java:40)
	at org.mortbay.jetty.handler.HandlerWrapper.doStart(HandlerWrapper.java:117)
	at org.mortbay.jetty.Server.doStart(Server.java:217)
	at org.mortbay.component.AbstractLifeCycle.start(AbstractLifeCycle.java:40)
	at org.mortbay.jetty.plugin.Jetty6PluginServer.start(Jetty6PluginServer.java:132)
	at org.mortbay.jetty.plugin.AbstractJettyMojo.startJetty(AbstractJettyMojo.java:345)
	at org.mortbay.jetty.plugin.AbstractJettyMojo.execute(AbstractJettyMojo.java:286)
	at org.mortbay.jetty.plugin.AbstractJettyRunMojo.execute(AbstractJettyRunMojo.java:204)
	at org.mortbay.jetty.plugin.Jetty6RunMojo.execute(Jetty6RunMojo.java:183)
	at org.apache.maven.plugin.DefaultBuildPluginManager.executeMojo(DefaultBuildPluginManager.java:133)
	at org.apache.maven.lifecycle.internal.MojoExecutor.execute(MojoExecutor.java:208)
	at org.apache.maven.lifecycle.internal.MojoExecutor.execute(MojoExecutor.java:153)
	at org.apache.maven.lifecycle.internal.MojoExecutor.execute(MojoExecutor.java:145)
	at org.apache.maven.lifecycle.internal.LifecycleModuleBuilder.buildProject(LifecycleModuleBuilder.java:108)
	at org.apache.maven.lifecycle.internal.LifecycleModuleBuilder.buildProject(LifecycleModuleBuilder.java:76)
	at org.apache.maven.lifecycle.internal.builder.singlethreaded.SingleThreadedBuilder.build(SingleThreadedBuilder.java:51)
	at org.apache.maven.lifecycle.internal.LifecycleStarter.execute(LifecycleStarter.java:116)
	at org.apache.maven.DefaultMaven.doExecute(DefaultMaven.java:361)
	at org.apache.maven.DefaultMaven.execute(DefaultMaven.java:155)
	at org.apache.maven.cli.MavenCli.execute(MavenCli.java:584)
	at org.apache.maven.cli.MavenCli.doMain(MavenCli.java:213)
	at org.apache.maven.cli.MavenCli.main(MavenCli.java:157)
	at sun.reflect.NativeMethodAccessorImpl.invoke0(Native Method)
	at sun.reflect.NativeMethodAccessorImpl.invoke(NativeMethodAccessorImpl.java:57)
	at sun.reflect.DelegatingMethodAccessorImpl.invoke(DelegatingMethodAccessorImpl.java:43)
	at java.lang.reflect.Method.invoke(Method.java:606)
	at org.codehaus.plexus.classworlds.launcher.Launcher.launchEnhanced(Launcher.java:289)
	at org.codehaus.plexus.classworlds.launcher.Launcher.launch(Launcher.java:229)
	at org.codehaus.plexus.classworlds.launcher.Launcher.mainWithExitCode(Launcher.java:415)
	at org.codehaus.plexus.classworlds.launcher.Launcher.main(Launcher.java:356)
Caused by: org.xml.sax.SAXParseException; lineNumber: 66; columnNumber: 83; cvc-complex-type.2.4.c: 通配符的匹配很全面, 但无法找到元素 'bean' 的声明。
	at com.sun.org.apache.xerces.internal.util.ErrorHandlerWrapper.createSAXParseException(ErrorHandlerWrapper.java:198)
	at com.sun.org.apache.xerces.internal.util.ErrorHandlerWrapper.error(ErrorHandlerWrapper.java:134)
	at com.sun.org.apache.xerces.internal.impl.XMLErrorReporter.reportError(XMLErrorReporter.java:437)
	at com.sun.org.apache.xerces.internal.impl.XMLErrorReporter.reportError(XMLErrorReporter.java:368)
	at com.sun.org.apache.xerces.internal.impl.XMLErrorReporter.reportError(XMLErrorReporter.java:325)
	at com.sun.org.apache.xerces.internal.impl.xs.XMLSchemaValidator$XSIErrorReporter.reportError(XMLSchemaValidator.java:458)
	at com.sun.org.apache.xerces.internal.impl.xs.XMLSchemaValidator.reportSchemaError(XMLSchemaValidator.java:3237)
	at com.sun.org.apache.xerces.internal.impl.xs.XMLSchemaValidator.handleStartElement(XMLSchemaValidator.java:1917)
	at com.sun.org.apache.xerces.internal.impl.xs.XMLSchemaValidator.emptyElement(XMLSchemaValidator.java:766)
	at com.sun.org.apache.xerces.internal.impl.XMLNSDocumentScannerImpl.scanStartElement(XMLNSDocumentScannerImpl.java:356)
	at com.sun.org.apache.xerces.internal.impl.XMLDocumentFragmentScannerImpl$FragmentContentDriver.next(XMLDocumentFragmentScannerImpl.java:2786)
	at com.sun.org.apache.xerces.internal.impl.XMLDocumentScannerImpl.next(XMLDocumentScannerImpl.java:606)
	at com.sun.org.apache.xerces.internal.impl.XMLNSDocumentScannerImpl.next(XMLNSDocumentScannerImpl.java:117)
	at com.sun.org.apache.xerces.internal.impl.XMLDocumentFragmentScannerImpl.scanDocument(XMLDocumentFragmentScannerImpl.java:510)
	at com.sun.org.apache.xerces.internal.parsers.XML11Configuration.parse(XML11Configuration.java:848)
	at com.sun.org.apache.xerces.internal.parsers.XML11Configuration.parse(XML11Configuration.java:777)
	at com.sun.org.apache.xerces.internal.parsers.XMLParser.parse(XMLParser.java:141)
	at com.sun.org.apache.xerces.internal.parsers.DOMParser.parse(DOMParser.java:243)
	at com.sun.org.apache.xerces.internal.jaxp.DocumentBuilderImpl.parse(DocumentBuilderImpl.java:347)
	at org.springframework.beans.factory.xml.DefaultDocumentLoader.loadDocument(DefaultDocumentLoader.java:75)
	at org.springframework.beans.factory.xml.XmlBeanDefinitionReader.doLoadBeanDefinitions(XmlBeanDefinitionReader.java:388)
	... 53 more
2016-02-29 17:07:25  [ Timer-1:375 ] - [ ERROR ]  <Context initialization failed>
org.springframework.beans.factory.xml.XmlBeanDefinitionStoreException: Line 66 in XML document from URL [file:/C:/Users/zhanghongjiang/git/m0427/web/target/classes/conf/security-config.xml] is invalid; nested exception is org.xml.sax.SAXParseException; lineNumber: 66; columnNumber: 83; cvc-complex-type.2.4.c: 通配符的匹配很全面, 但无法找到元素 'bean' 的声明。
	at org.springframework.beans.factory.xml.XmlBeanDefinitionReader.doLoadBeanDefinitions(XmlBeanDefinitionReader.java:396)
	at org.springframework.beans.factory.xml.XmlBeanDefinitionReader.loadBeanDefinitions(XmlBeanDefinitionReader.java:334)
	at org.springframework.beans.factory.xml.XmlBeanDefinitionReader.loadBeanDefinitions(XmlBeanDefinitionReader.java:302)
	at org.springframework.beans.factory.support.AbstractBeanDefinitionReader.loadBeanDefinitions(AbstractBeanDefinitionReader.java:174)
	at org.springframework.beans.factory.support.AbstractBeanDefinitionReader.loadBeanDefinitions(AbstractBeanDefinitionReader.java:209)
	at org.springframework.beans.factory.support.AbstractBeanDefinitionReader.loadBeanDefinitions(AbstractBeanDefinitionReader.java:180)
	at org.springframework.web.context.support.XmlWebApplicationContext.loadBeanDefinitions(XmlWebApplicationContext.java:125)
	at org.springframework.web.context.support.XmlWebApplicationContext.loadBeanDefinitions(XmlWebApplicationContext.java:94)
	at org.springframework.context.support.AbstractRefreshableApplicationContext.refreshBeanFactory(AbstractRefreshableApplicationContext.java:130)
	at org.springframework.context.support.AbstractApplicationContext.obtainFreshBeanFactory(AbstractApplicationContext.java:537)
	at org.springframework.context.support.AbstractApplicationContext.refresh(AbstractApplicationContext.java:451)
	at org.springframework.web.context.ContextLoader.configureAndRefreshWebApplicationContext(ContextLoader.java:389)
	at org.springframework.web.context.ContextLoader.initWebApplicationContext(ContextLoader.java:294)
	at org.springframework.web.context.ContextLoaderListener.contextInitialized(ContextLoaderListener.java:112)
	at org.mortbay.jetty.handler.ContextHandler.startContext(ContextHandler.java:530)
	at org.mortbay.jetty.servlet.Context.startContext(Context.java:135)
	at org.mortbay.jetty.webapp.WebAppContext.startContext(WebAppContext.java:1218)
	at org.mortbay.jetty.handler.ContextHandler.doStart(ContextHandler.java:500)
	at org.mortbay.jetty.webapp.WebAppContext.doStart(WebAppContext.java:448)
	at org.mortbay.component.AbstractLifeCycle.start(AbstractLifeCycle.java:40)
	at org.mortbay.jetty.plugin.Jetty6PluginWebApplication.start(Jetty6PluginWebApplication.java:144)
	at org.mortbay.jetty.plugin.AbstractJettyRunMojo$1.filesChanged(AbstractJettyRunMojo.java:423)
	at org.mortbay.util.Scanner.reportBulkChanges(Scanner.java:456)
	at org.mortbay.util.Scanner.reportDifferences(Scanner.java:327)
	at org.mortbay.util.Scanner.scan(Scanner.java:254)
	at org.mortbay.util.Scanner$1.run(Scanner.java:225)
	at java.util.TimerThread.mainLoop(Timer.java:555)
	at java.util.TimerThread.run(Timer.java:505)
Caused by: org.xml.sax.SAXParseException; lineNumber: 66; columnNumber: 83; cvc-complex-type.2.4.c: 通配符的匹配很全面, 但无法找到元素 'bean' 的声明。
	at com.sun.org.apache.xerces.internal.util.ErrorHandlerWrapper.createSAXParseException(ErrorHandlerWrapper.java:198)
	at com.sun.org.apache.xerces.internal.util.ErrorHandlerWrapper.error(ErrorHandlerWrapper.java:134)
	at com.sun.org.apache.xerces.internal.impl.XMLErrorReporter.reportError(XMLErrorReporter.java:437)
	at com.sun.org.apache.xerces.internal.impl.XMLErrorReporter.reportError(XMLErrorReporter.java:368)
	at com.sun.org.apache.xerces.internal.impl.XMLErrorReporter.reportError(XMLErrorReporter.java:325)
	at com.sun.org.apache.xerces.internal.impl.xs.XMLSchemaValidator$XSIErrorReporter.reportError(XMLSchemaValidator.java:458)
	at com.sun.org.apache.xerces.internal.impl.xs.XMLSchemaValidator.reportSchemaError(XMLSchemaValidator.java:3237)
	at com.sun.org.apache.xerces.internal.impl.xs.XMLSchemaValidator.handleStartElement(XMLSchemaValidator.java:1917)
	at com.sun.org.apache.xerces.internal.impl.xs.XMLSchemaValidator.emptyElement(XMLSchemaValidator.java:766)
	at com.sun.org.apache.xerces.internal.impl.XMLNSDocumentScannerImpl.scanStartElement(XMLNSDocumentScannerImpl.java:356)
	at com.sun.org.apache.xerces.internal.impl.XMLDocumentFragmentScannerImpl$FragmentContentDriver.next(XMLDocumentFragmentScannerImpl.java:2786)
	at com.sun.org.apache.xerces.internal.impl.XMLDocumentScannerImpl.next(XMLDocumentScannerImpl.java:606)
	at com.sun.org.apache.xerces.internal.impl.XMLNSDocumentScannerImpl.next(XMLNSDocumentScannerImpl.java:117)
	at com.sun.org.apache.xerces.internal.impl.XMLDocumentFragmentScannerImpl.scanDocument(XMLDocumentFragmentScannerImpl.java:510)
	at com.sun.org.apache.xerces.internal.parsers.XML11Configuration.parse(XML11Configuration.java:848)
	at com.sun.org.apache.xerces.internal.parsers.XML11Configuration.parse(XML11Configuration.java:777)
	at com.sun.org.apache.xerces.internal.parsers.XMLParser.parse(XMLParser.java:141)
	at com.sun.org.apache.xerces.internal.parsers.DOMParser.parse(DOMParser.java:243)
	at com.sun.org.apache.xerces.internal.jaxp.DocumentBuilderImpl.parse(DocumentBuilderImpl.java:347)
	at org.springframework.beans.factory.xml.DefaultDocumentLoader.loadDocument(DefaultDocumentLoader.java:75)
	at org.springframework.beans.factory.xml.XmlBeanDefinitionReader.doLoadBeanDefinitions(XmlBeanDefinitionReader.java:388)
	... 27 more
2016-02-29 17:07:32  [ Timer-1:1844 ] - [ ERROR ]  <Context initialization failed>
org.springframework.beans.factory.BeanCreationException: Error creating bean with name 'sqlSessionFactory' defined in file [C:\Users\zhanghongjiang\git\m0427\web\target\classes\conf\web-ds.xml]: Invocation of init method failed; nested exception is org.springframework.core.NestedIOException: Failed to parse mapping resource: 'file [C:\Users\zhanghongjiang\git\m0427\web\target\classes\mybatis\UserDao.xml]'; nested exception is org.apache.ibatis.builder.BuilderException: Error parsing Mapper XML. Cause: org.apache.ibatis.builder.BuilderException: Error resolving class. Cause: org.apache.ibatis.type.TypeException: Could not resolve type alias 'com.m0427.web.model.UserInfo'.  Cause: java.lang.ClassNotFoundException: Cannot find class: com.m0427.web.model.UserInfo
	at org.springframework.beans.factory.support.AbstractAutowireCapableBeanFactory.initializeBean(AbstractAutowireCapableBeanFactory.java:1488)
	at org.springframework.beans.factory.support.AbstractAutowireCapableBeanFactory.doCreateBean(AbstractAutowireCapableBeanFactory.java:524)
	at org.springframework.beans.factory.support.AbstractAutowireCapableBeanFactory.createBean(AbstractAutowireCapableBeanFactory.java:461)
	at org.springframework.beans.factory.support.AbstractBeanFactory$1.getObject(AbstractBeanFactory.java:295)
	at org.springframework.beans.factory.support.DefaultSingletonBeanRegistry.getSingleton(DefaultSingletonBeanRegistry.java:223)
	at org.springframework.beans.factory.support.AbstractBeanFactory.doGetBean(AbstractBeanFactory.java:292)
	at org.springframework.beans.factory.support.AbstractBeanFactory.getBean(AbstractBeanFactory.java:194)
	at org.springframework.beans.factory.support.DefaultListableBeanFactory.preInstantiateSingletons(DefaultListableBeanFactory.java:608)
	at org.springframework.context.support.AbstractApplicationContext.finishBeanFactoryInitialization(AbstractApplicationContext.java:932)
	at org.springframework.context.support.AbstractApplicationContext.refresh(AbstractApplicationContext.java:479)
	at org.springframework.web.context.ContextLoader.configureAndRefreshWebApplicationContext(ContextLoader.java:389)
	at org.springframework.web.context.ContextLoader.initWebApplicationContext(ContextLoader.java:294)
	at org.springframework.web.context.ContextLoaderListener.contextInitialized(ContextLoaderListener.java:112)
	at org.mortbay.jetty.handler.ContextHandler.startContext(ContextHandler.java:530)
	at org.mortbay.jetty.servlet.Context.startContext(Context.java:135)
	at org.mortbay.jetty.webapp.WebAppContext.startContext(WebAppContext.java:1218)
	at org.mortbay.jetty.handler.ContextHandler.doStart(ContextHandler.java:500)
	at org.mortbay.jetty.webapp.WebAppContext.doStart(WebAppContext.java:448)
	at org.mortbay.component.AbstractLifeCycle.start(AbstractLifeCycle.java:40)
	at org.mortbay.jetty.plugin.Jetty6PluginWebApplication.start(Jetty6PluginWebApplication.java:144)
	at org.mortbay.jetty.plugin.AbstractJettyRunMojo$1.filesChanged(AbstractJettyRunMojo.java:423)
	at org.mortbay.util.Scanner.reportBulkChanges(Scanner.java:456)
	at org.mortbay.util.Scanner.reportDifferences(Scanner.java:327)
	at org.mortbay.util.Scanner.scan(Scanner.java:254)
	at org.mortbay.util.Scanner$1.run(Scanner.java:225)
	at java.util.TimerThread.mainLoop(Timer.java:555)
	at java.util.TimerThread.run(Timer.java:505)
Caused by: org.springframework.core.NestedIOException: Failed to parse mapping resource: 'file [C:\Users\zhanghongjiang\git\m0427\web\target\classes\mybatis\UserDao.xml]'; nested exception is org.apache.ibatis.builder.BuilderException: Error parsing Mapper XML. Cause: org.apache.ibatis.builder.BuilderException: Error resolving class. Cause: org.apache.ibatis.type.TypeException: Could not resolve type alias 'com.m0427.web.model.UserInfo'.  Cause: java.lang.ClassNotFoundException: Cannot find class: com.m0427.web.model.UserInfo
	at org.mybatis.spring.SqlSessionFactoryBean.buildSqlSessionFactory(SqlSessionFactoryBean.java:466)
	at org.mybatis.spring.SqlSessionFactoryBean.afterPropertiesSet(SqlSessionFactoryBean.java:340)
	at org.springframework.beans.factory.support.AbstractAutowireCapableBeanFactory.invokeInitMethods(AbstractAutowireCapableBeanFactory.java:1547)
	at org.springframework.beans.factory.support.AbstractAutowireCapableBeanFactory.initializeBean(AbstractAutowireCapableBeanFactory.java:1485)
	... 26 more
Caused by: org.apache.ibatis.builder.BuilderException: Error parsing Mapper XML. Cause: org.apache.ibatis.builder.BuilderException: Error resolving class. Cause: org.apache.ibatis.type.TypeException: Could not resolve type alias 'com.m0427.web.model.UserInfo'.  Cause: java.lang.ClassNotFoundException: Cannot find class: com.m0427.web.model.UserInfo
	at org.apache.ibatis.builder.xml.XMLMapperBuilder.configurationElement(XMLMapperBuilder.java:120)
	at org.apache.ibatis.builder.xml.XMLMapperBuilder.parse(XMLMapperBuilder.java:92)
	at org.mybatis.spring.SqlSessionFactoryBean.buildSqlSessionFactory(SqlSessionFactoryBean.java:464)
	... 29 more
Caused by: org.apache.ibatis.builder.BuilderException: Error resolving class. Cause: org.apache.ibatis.type.TypeException: Could not resolve type alias 'com.m0427.web.model.UserInfo'.  Cause: java.lang.ClassNotFoundException: Cannot find class: com.m0427.web.model.UserInfo
	at org.apache.ibatis.builder.BaseBuilder.resolveClass(BaseBuilder.java:103)
	at org.apache.ibatis.builder.xml.XMLStatementBuilder.parseStatementNode(XMLStatementBuilder.java:72)
	at org.apache.ibatis.builder.xml.XMLMapperBuilder.buildStatementFromContext(XMLMapperBuilder.java:135)
	at org.apache.ibatis.builder.xml.XMLMapperBuilder.buildStatementFromContext(XMLMapperBuilder.java:128)
	at org.apache.ibatis.builder.xml.XMLMapperBuilder.configurationElement(XMLMapperBuilder.java:118)
	... 31 more
Caused by: org.apache.ibatis.type.TypeException: Could not resolve type alias 'com.m0427.web.model.UserInfo'.  Cause: java.lang.ClassNotFoundException: Cannot find class: com.m0427.web.model.UserInfo
	at org.apache.ibatis.type.TypeAliasRegistry.resolveAlias(TypeAliasRegistry.java:117)
	at org.apache.ibatis.builder.BaseBuilder.resolveAlias(BaseBuilder.java:130)
	at org.apache.ibatis.builder.BaseBuilder.resolveClass(BaseBuilder.java:101)
	... 35 more
Caused by: java.lang.ClassNotFoundException: Cannot find class: com.m0427.web.model.UserInfo
	at org.apache.ibatis.io.ClassLoaderWrapper.classForName(ClassLoaderWrapper.java:190)
	at org.apache.ibatis.io.ClassLoaderWrapper.classForName(ClassLoaderWrapper.java:89)
	at org.apache.ibatis.io.Resources.classForName(Resources.java:256)
	at org.apache.ibatis.type.TypeAliasRegistry.resolveAlias(TypeAliasRegistry.java:113)
	... 37 more
2016-02-29 17:07:36  [ Timer-1:1302 ] - [ ERROR ]  <Context initialization failed>
org.springframework.beans.factory.BeanCreationException: Error creating bean with name 'sqlSessionFactory' defined in file [C:\Users\zhanghongjiang\git\m0427\web\target\classes\conf\web-ds.xml]: Invocation of init method failed; nested exception is org.springframework.core.NestedIOException: Failed to parse mapping resource: 'file [C:\Users\zhanghongjiang\git\m0427\web\target\classes\mybatis\UserDao.xml]'; nested exception is org.apache.ibatis.builder.BuilderException: Error parsing Mapper XML. Cause: org.apache.ibatis.builder.BuilderException: Error resolving class. Cause: org.apache.ibatis.type.TypeException: Could not resolve type alias 'com.m0427.web.model.UserInfo'.  Cause: java.lang.ClassNotFoundException: Cannot find class: com.m0427.web.model.UserInfo
	at org.springframework.beans.factory.support.AbstractAutowireCapableBeanFactory.initializeBean(AbstractAutowireCapableBeanFactory.java:1488)
	at org.springframework.beans.factory.support.AbstractAutowireCapableBeanFactory.doCreateBean(AbstractAutowireCapableBeanFactory.java:524)
	at org.springframework.beans.factory.support.AbstractAutowireCapableBeanFactory.createBean(AbstractAutowireCapableBeanFactory.java:461)
	at org.springframework.beans.factory.support.AbstractBeanFactory$1.getObject(AbstractBeanFactory.java:295)
	at org.springframework.beans.factory.support.DefaultSingletonBeanRegistry.getSingleton(DefaultSingletonBeanRegistry.java:223)
	at org.springframework.beans.factory.support.AbstractBeanFactory.doGetBean(AbstractBeanFactory.java:292)
	at org.springframework.beans.factory.support.AbstractBeanFactory.getBean(AbstractBeanFactory.java:194)
	at org.springframework.beans.factory.support.DefaultListableBeanFactory.preInstantiateSingletons(DefaultListableBeanFactory.java:608)
	at org.springframework.context.support.AbstractApplicationContext.finishBeanFactoryInitialization(AbstractApplicationContext.java:932)
	at org.springframework.context.support.AbstractApplicationContext.refresh(AbstractApplicationContext.java:479)
	at org.springframework.web.context.ContextLoader.configureAndRefreshWebApplicationContext(ContextLoader.java:389)
	at org.springframework.web.context.ContextLoader.initWebApplicationContext(ContextLoader.java:294)
	at org.springframework.web.context.ContextLoaderListener.contextInitialized(ContextLoaderListener.java:112)
	at org.mortbay.jetty.handler.ContextHandler.startContext(ContextHandler.java:530)
	at org.mortbay.jetty.servlet.Context.startContext(Context.java:135)
	at org.mortbay.jetty.webapp.WebAppContext.startContext(WebAppContext.java:1218)
	at org.mortbay.jetty.handler.ContextHandler.doStart(ContextHandler.java:500)
	at org.mortbay.jetty.webapp.WebAppContext.doStart(WebAppContext.java:448)
	at org.mortbay.component.AbstractLifeCycle.start(AbstractLifeCycle.java:40)
	at org.mortbay.jetty.plugin.Jetty6PluginWebApplication.start(Jetty6PluginWebApplication.java:144)
	at org.mortbay.jetty.plugin.AbstractJettyRunMojo$1.filesChanged(AbstractJettyRunMojo.java:423)
	at org.mortbay.util.Scanner.reportBulkChanges(Scanner.java:456)
	at org.mortbay.util.Scanner.reportDifferences(Scanner.java:327)
	at org.mortbay.util.Scanner.scan(Scanner.java:254)
	at org.mortbay.util.Scanner$1.run(Scanner.java:225)
	at java.util.TimerThread.mainLoop(Timer.java:555)
	at java.util.TimerThread.run(Timer.java:505)
Caused by: org.springframework.core.NestedIOException: Failed to parse mapping resource: 'file [C:\Users\zhanghongjiang\git\m0427\web\target\classes\mybatis\UserDao.xml]'; nested exception is org.apache.ibatis.builder.BuilderException: Error parsing Mapper XML. Cause: org.apache.ibatis.builder.BuilderException: Error resolving class. Cause: org.apache.ibatis.type.TypeException: Could not resolve type alias 'com.m0427.web.model.UserInfo'.  Cause: java.lang.ClassNotFoundException: Cannot find class: com.m0427.web.model.UserInfo
	at org.mybatis.spring.SqlSessionFactoryBean.buildSqlSessionFactory(SqlSessionFactoryBean.java:466)
	at org.mybatis.spring.SqlSessionFactoryBean.afterPropertiesSet(SqlSessionFactoryBean.java:340)
	at org.springframework.beans.factory.support.AbstractAutowireCapableBeanFactory.invokeInitMethods(AbstractAutowireCapableBeanFactory.java:1547)
	at org.springframework.beans.factory.support.AbstractAutowireCapableBeanFactory.initializeBean(AbstractAutowireCapableBeanFactory.java:1485)
	... 26 more
Caused by: org.apache.ibatis.builder.BuilderException: Error parsing Mapper XML. Cause: org.apache.ibatis.builder.BuilderException: Error resolving class. Cause: org.apache.ibatis.type.TypeException: Could not resolve type alias 'com.m0427.web.model.UserInfo'.  Cause: java.lang.ClassNotFoundException: Cannot find class: com.m0427.web.model.UserInfo
	at org.apache.ibatis.builder.xml.XMLMapperBuilder.configurationElement(XMLMapperBuilder.java:120)
	at org.apache.ibatis.builder.xml.XMLMapperBuilder.parse(XMLMapperBuilder.java:92)
	at org.mybatis.spring.SqlSessionFactoryBean.buildSqlSessionFactory(SqlSessionFactoryBean.java:464)
	... 29 more
Caused by: org.apache.ibatis.builder.BuilderException: Error resolving class. Cause: org.apache.ibatis.type.TypeException: Could not resolve type alias 'com.m0427.web.model.UserInfo'.  Cause: java.lang.ClassNotFoundException: Cannot find class: com.m0427.web.model.UserInfo
	at org.apache.ibatis.builder.BaseBuilder.resolveClass(BaseBuilder.java:103)
	at org.apache.ibatis.builder.xml.XMLStatementBuilder.parseStatementNode(XMLStatementBuilder.java:72)
	at org.apache.ibatis.builder.xml.XMLMapperBuilder.buildStatementFromContext(XMLMapperBuilder.java:135)
	at org.apache.ibatis.builder.xml.XMLMapperBuilder.buildStatementFromContext(XMLMapperBuilder.java:128)
	at org.apache.ibatis.builder.xml.XMLMapperBuilder.configurationElement(XMLMapperBuilder.java:118)
	... 31 more
Caused by: org.apache.ibatis.type.TypeException: Could not resolve type alias 'com.m0427.web.model.UserInfo'.  Cause: java.lang.ClassNotFoundException: Cannot find class: com.m0427.web.model.UserInfo
	at org.apache.ibatis.type.TypeAliasRegistry.resolveAlias(TypeAliasRegistry.java:117)
	at org.apache.ibatis.builder.BaseBuilder.resolveAlias(BaseBuilder.java:130)
	at org.apache.ibatis.builder.BaseBuilder.resolveClass(BaseBuilder.java:101)
	... 35 more
Caused by: java.lang.ClassNotFoundException: Cannot find class: com.m0427.web.model.UserInfo
	at org.apache.ibatis.io.ClassLoaderWrapper.classForName(ClassLoaderWrapper.java:190)
	at org.apache.ibatis.io.ClassLoaderWrapper.classForName(ClassLoaderWrapper.java:89)
	at org.apache.ibatis.io.Resources.classForName(Resources.java:256)
	at org.apache.ibatis.type.TypeAliasRegistry.resolveAlias(TypeAliasRegistry.java:113)
	... 37 more
2016-02-29 17:08:41  [ Timer-1:1624 ] - [ ERROR ]  <Context initialization failed>
org.springframework.beans.factory.BeanCreationException: Error creating bean with name 'sqlSessionFactory' defined in file [C:\Users\zhanghongjiang\git\m0427\web\target\classes\conf\web-ds.xml]: Invocation of init method failed; nested exception is org.springframework.core.NestedIOException: Failed to parse mapping resource: 'file [C:\Users\zhanghongjiang\git\m0427\web\target\classes\mybatis\UserDao.xml]'; nested exception is org.apache.ibatis.builder.BuilderException: Error parsing Mapper XML. Cause: org.apache.ibatis.builder.BuilderException: Error resolving class. Cause: org.apache.ibatis.type.TypeException: Could not resolve type alias 'com.m0427.web.model.UserInfo'.  Cause: java.lang.ClassNotFoundException: Cannot find class: com.m0427.web.model.UserInfo
	at org.springframework.beans.factory.support.AbstractAutowireCapableBeanFactory.initializeBean(AbstractAutowireCapableBeanFactory.java:1488)
	at org.springframework.beans.factory.support.AbstractAutowireCapableBeanFactory.doCreateBean(AbstractAutowireCapableBeanFactory.java:524)
	at org.springframework.beans.factory.support.AbstractAutowireCapableBeanFactory.createBean(AbstractAutowireCapableBeanFactory.java:461)
	at org.springframework.beans.factory.support.AbstractBeanFactory$1.getObject(AbstractBeanFactory.java:295)
	at org.springframework.beans.factory.support.DefaultSingletonBeanRegistry.getSingleton(DefaultSingletonBeanRegistry.java:223)
	at org.springframework.beans.factory.support.AbstractBeanFactory.doGetBean(AbstractBeanFactory.java:292)
	at org.springframework.beans.factory.support.AbstractBeanFactory.getBean(AbstractBeanFactory.java:194)
	at org.springframework.beans.factory.support.DefaultListableBeanFactory.preInstantiateSingletons(DefaultListableBeanFactory.java:608)
	at org.springframework.context.support.AbstractApplicationContext.finishBeanFactoryInitialization(AbstractApplicationContext.java:932)
	at org.springframework.context.support.AbstractApplicationContext.refresh(AbstractApplicationContext.java:479)
	at org.springframework.web.context.ContextLoader.configureAndRefreshWebApplicationContext(ContextLoader.java:389)
	at org.springframework.web.context.ContextLoader.initWebApplicationContext(ContextLoader.java:294)
	at org.springframework.web.context.ContextLoaderListener.contextInitialized(ContextLoaderListener.java:112)
	at org.mortbay.jetty.handler.ContextHandler.startContext(ContextHandler.java:530)
	at org.mortbay.jetty.servlet.Context.startContext(Context.java:135)
	at org.mortbay.jetty.webapp.WebAppContext.startContext(WebAppContext.java:1218)
	at org.mortbay.jetty.handler.ContextHandler.doStart(ContextHandler.java:500)
	at org.mortbay.jetty.webapp.WebAppContext.doStart(WebAppContext.java:448)
	at org.mortbay.component.AbstractLifeCycle.start(AbstractLifeCycle.java:40)
	at org.mortbay.jetty.plugin.Jetty6PluginWebApplication.start(Jetty6PluginWebApplication.java:144)
	at org.mortbay.jetty.plugin.AbstractJettyRunMojo$1.filesChanged(AbstractJettyRunMojo.java:423)
	at org.mortbay.util.Scanner.reportBulkChanges(Scanner.java:456)
	at org.mortbay.util.Scanner.reportDifferences(Scanner.java:327)
	at org.mortbay.util.Scanner.scan(Scanner.java:254)
	at org.mortbay.util.Scanner$1.run(Scanner.java:225)
	at java.util.TimerThread.mainLoop(Timer.java:555)
	at java.util.TimerThread.run(Timer.java:505)
Caused by: org.springframework.core.NestedIOException: Failed to parse mapping resource: 'file [C:\Users\zhanghongjiang\git\m0427\web\target\classes\mybatis\UserDao.xml]'; nested exception is org.apache.ibatis.builder.BuilderException: Error parsing Mapper XML. Cause: org.apache.ibatis.builder.BuilderException: Error resolving class. Cause: org.apache.ibatis.type.TypeException: Could not resolve type alias 'com.m0427.web.model.UserInfo'.  Cause: java.lang.ClassNotFoundException: Cannot find class: com.m0427.web.model.UserInfo
	at org.mybatis.spring.SqlSessionFactoryBean.buildSqlSessionFactory(SqlSessionFactoryBean.java:466)
	at org.mybatis.spring.SqlSessionFactoryBean.afterPropertiesSet(SqlSessionFactoryBean.java:340)
	at org.springframework.beans.factory.support.AbstractAutowireCapableBeanFactory.invokeInitMethods(AbstractAutowireCapableBeanFactory.java:1547)
	at org.springframework.beans.factory.support.AbstractAutowireCapableBeanFactory.initializeBean(AbstractAutowireCapableBeanFactory.java:1485)
	... 26 more
Caused by: org.apache.ibatis.builder.BuilderException: Error parsing Mapper XML. Cause: org.apache.ibatis.builder.BuilderException: Error resolving class. Cause: org.apache.ibatis.type.TypeException: Could not resolve type alias 'com.m0427.web.model.UserInfo'.  Cause: java.lang.ClassNotFoundException: Cannot find class: com.m0427.web.model.UserInfo
	at org.apache.ibatis.builder.xml.XMLMapperBuilder.configurationElement(XMLMapperBuilder.java:120)
	at org.apache.ibatis.builder.xml.XMLMapperBuilder.parse(XMLMapperBuilder.java:92)
	at org.mybatis.spring.SqlSessionFactoryBean.buildSqlSessionFactory(SqlSessionFactoryBean.java:464)
	... 29 more
Caused by: org.apache.ibatis.builder.BuilderException: Error resolving class. Cause: org.apache.ibatis.type.TypeException: Could not resolve type alias 'com.m0427.web.model.UserInfo'.  Cause: java.lang.ClassNotFoundException: Cannot find class: com.m0427.web.model.UserInfo
	at org.apache.ibatis.builder.BaseBuilder.resolveClass(BaseBuilder.java:103)
	at org.apache.ibatis.builder.xml.XMLStatementBuilder.parseStatementNode(XMLStatementBuilder.java:66)
	at org.apache.ibatis.builder.xml.XMLMapperBuilder.buildStatementFromContext(XMLMapperBuilder.java:135)
	at org.apache.ibatis.builder.xml.XMLMapperBuilder.buildStatementFromContext(XMLMapperBuilder.java:128)
	at org.apache.ibatis.builder.xml.XMLMapperBuilder.configurationElement(XMLMapperBuilder.java:118)
	... 31 more
Caused by: org.apache.ibatis.type.TypeException: Could not resolve type alias 'com.m0427.web.model.UserInfo'.  Cause: java.lang.ClassNotFoundException: Cannot find class: com.m0427.web.model.UserInfo
	at org.apache.ibatis.type.TypeAliasRegistry.resolveAlias(TypeAliasRegistry.java:117)
	at org.apache.ibatis.builder.BaseBuilder.resolveAlias(BaseBuilder.java:130)
	at org.apache.ibatis.builder.BaseBuilder.resolveClass(BaseBuilder.java:101)
	... 35 more
Caused by: java.lang.ClassNotFoundException: Cannot find class: com.m0427.web.model.UserInfo
	at org.apache.ibatis.io.ClassLoaderWrapper.classForName(ClassLoaderWrapper.java:190)
	at org.apache.ibatis.io.ClassLoaderWrapper.classForName(ClassLoaderWrapper.java:89)
	at org.apache.ibatis.io.Resources.classForName(Resources.java:256)
	at org.apache.ibatis.type.TypeAliasRegistry.resolveAlias(TypeAliasRegistry.java:113)
	... 37 more
2016-02-29 17:08:53  [ Timer-1:1547 ] - [ ERROR ]  <Context initialization failed>
org.springframework.beans.factory.BeanCreationException: Error creating bean with name 'essayService': Injection of resource dependencies failed; nested exception is org.springframework.beans.factory.UnsatisfiedDependencyException: Error creating bean with name 'essayDao' defined in file [C:\Users\zhanghongjiang\git\m0427\web\target\classes\com\m0427\web\dao\EssayDao.class]: Unsatisfied dependency expressed through bean property 'sqlSessionFactory': : Cannot find class [cn.evun.ime.platform.web.security.ImeAuthenticationSuccessHandler] for bean with name 'successHandler' defined in URL [file:/C:/Users/zhanghongjiang/git/m0427/web/target/classes/conf/security-config.xml]; nested exception is java.lang.ClassNotFoundException: cn.evun.ime.platform.web.security.ImeAuthenticationSuccessHandler; nested exception is org.springframework.beans.factory.CannotLoadBeanClassException: Cannot find class [cn.evun.ime.platform.web.security.ImeAuthenticationSuccessHandler] for bean with name 'successHandler' defined in URL [file:/C:/Users/zhanghongjiang/git/m0427/web/target/classes/conf/security-config.xml]; nested exception is java.lang.ClassNotFoundException: cn.evun.ime.platform.web.security.ImeAuthenticationSuccessHandler
	at org.springframework.context.annotation.CommonAnnotationBeanPostProcessor.postProcessPropertyValues(CommonAnnotationBeanPostProcessor.java:306)
	at org.springframework.beans.factory.support.AbstractAutowireCapableBeanFactory.populateBean(AbstractAutowireCapableBeanFactory.java:1122)
	at org.springframework.beans.factory.support.AbstractAutowireCapableBeanFactory.doCreateBean(AbstractAutowireCapableBeanFactory.java:522)
	at org.springframework.beans.factory.support.AbstractAutowireCapableBeanFactory.createBean(AbstractAutowireCapableBeanFactory.java:461)
	at org.springframework.beans.factory.support.AbstractBeanFactory$1.getObject(AbstractBeanFactory.java:295)
	at org.springframework.beans.factory.support.DefaultSingletonBeanRegistry.getSingleton(DefaultSingletonBeanRegistry.java:223)
	at org.springframework.beans.factory.support.AbstractBeanFactory.doGetBean(AbstractBeanFactory.java:292)
	at org.springframework.beans.factory.support.AbstractBeanFactory.getBean(AbstractBeanFactory.java:194)
	at org.springframework.beans.factory.support.DefaultListableBeanFactory.preInstantiateSingletons(DefaultListableBeanFactory.java:626)
	at org.springframework.context.support.AbstractApplicationContext.finishBeanFactoryInitialization(AbstractApplicationContext.java:932)
	at org.springframework.context.support.AbstractApplicationContext.refresh(AbstractApplicationContext.java:479)
	at org.springframework.web.context.ContextLoader.configureAndRefreshWebApplicationContext(ContextLoader.java:389)
	at org.springframework.web.context.ContextLoader.initWebApplicationContext(ContextLoader.java:294)
	at org.springframework.web.context.ContextLoaderListener.contextInitialized(ContextLoaderListener.java:112)
	at org.mortbay.jetty.handler.ContextHandler.startContext(ContextHandler.java:530)
	at org.mortbay.jetty.servlet.Context.startContext(Context.java:135)
	at org.mortbay.jetty.webapp.WebAppContext.startContext(WebAppContext.java:1218)
	at org.mortbay.jetty.handler.ContextHandler.doStart(ContextHandler.java:500)
	at org.mortbay.jetty.webapp.WebAppContext.doStart(WebAppContext.java:448)
	at org.mortbay.component.AbstractLifeCycle.start(AbstractLifeCycle.java:40)
	at org.mortbay.jetty.plugin.Jetty6PluginWebApplication.start(Jetty6PluginWebApplication.java:144)
	at org.mortbay.jetty.plugin.AbstractJettyRunMojo$1.filesChanged(AbstractJettyRunMojo.java:423)
	at org.mortbay.util.Scanner.reportBulkChanges(Scanner.java:456)
	at org.mortbay.util.Scanner.reportDifferences(Scanner.java:327)
	at org.mortbay.util.Scanner.scan(Scanner.java:254)
	at org.mortbay.util.Scanner$1.run(Scanner.java:225)
	at java.util.TimerThread.mainLoop(Timer.java:555)
	at java.util.TimerThread.run(Timer.java:505)
Caused by: org.springframework.beans.factory.UnsatisfiedDependencyException: Error creating bean with name 'essayDao' defined in file [C:\Users\zhanghongjiang\git\m0427\web\target\classes\com\m0427\web\dao\EssayDao.class]: Unsatisfied dependency expressed through bean property 'sqlSessionFactory': : Cannot find class [cn.evun.ime.platform.web.security.ImeAuthenticationSuccessHandler] for bean with name 'successHandler' defined in URL [file:/C:/Users/zhanghongjiang/git/m0427/web/target/classes/conf/security-config.xml]; nested exception is java.lang.ClassNotFoundException: cn.evun.ime.platform.web.security.ImeAuthenticationSuccessHandler; nested exception is org.springframework.beans.factory.CannotLoadBeanClassException: Cannot find class [cn.evun.ime.platform.web.security.ImeAuthenticationSuccessHandler] for bean with name 'successHandler' defined in URL [file:/C:/Users/zhanghongjiang/git/m0427/web/target/classes/conf/security-config.xml]; nested exception is java.lang.ClassNotFoundException: cn.evun.ime.platform.web.security.ImeAuthenticationSuccessHandler
	at org.springframework.beans.factory.support.AbstractAutowireCapableBeanFactory.autowireByType(AbstractAutowireCapableBeanFactory.java:1215)
	at org.springframework.beans.factory.support.AbstractAutowireCapableBeanFactory.populateBean(AbstractAutowireCapableBeanFactory.java:1107)
	at org.springframework.beans.factory.support.AbstractAutowireCapableBeanFactory.doCreateBean(AbstractAutowireCapableBeanFactory.java:522)
	at org.springframework.beans.factory.support.AbstractAutowireCapableBeanFactory.createBean(AbstractAutowireCapableBeanFactory.java:461)
	at org.springframework.beans.factory.support.AbstractBeanFactory$1.getObject(AbstractBeanFactory.java:295)
	at org.springframework.beans.factory.support.DefaultSingletonBeanRegistry.getSingleton(DefaultSingletonBeanRegistry.java:223)
	at org.springframework.beans.factory.support.AbstractBeanFactory.doGetBean(AbstractBeanFactory.java:292)
	at org.springframework.beans.factory.support.AbstractBeanFactory.getBean(AbstractBeanFactory.java:198)
	at org.springframework.context.annotation.CommonAnnotationBeanPostProcessor.autowireResource(CommonAnnotationBeanPostProcessor.java:442)
	at org.springframework.context.annotation.CommonAnnotationBeanPostProcessor.getResource(CommonAnnotationBeanPostProcessor.java:416)
	at org.springframework.context.annotation.CommonAnnotationBeanPostProcessor$ResourceElement.getResourceToInject(CommonAnnotationBeanPostProcessor.java:550)
	at org.springframework.beans.factory.annotation.InjectionMetadata$InjectedElement.inject(InjectionMetadata.java:150)
	at org.springframework.beans.factory.annotation.InjectionMetadata.inject(InjectionMetadata.java:87)
	at org.springframework.context.annotation.CommonAnnotationBeanPostProcessor.postProcessPropertyValues(CommonAnnotationBeanPostProcessor.java:303)
	... 27 more
Caused by: org.springframework.beans.factory.CannotLoadBeanClassException: Cannot find class [cn.evun.ime.platform.web.security.ImeAuthenticationSuccessHandler] for bean with name 'successHandler' defined in URL [file:/C:/Users/zhanghongjiang/git/m0427/web/target/classes/conf/security-config.xml]; nested exception is java.lang.ClassNotFoundException: cn.evun.ime.platform.web.security.ImeAuthenticationSuccessHandler
	at org.springframework.beans.factory.support.AbstractBeanFactory.resolveBeanClass(AbstractBeanFactory.java:1269)
	at org.springframework.beans.factory.support.AbstractAutowireCapableBeanFactory.predictBeanType(AbstractAutowireCapableBeanFactory.java:578)
	at org.springframework.beans.factory.support.AbstractBeanFactory.isFactoryBean(AbstractBeanFactory.java:1338)
	at org.springframework.beans.factory.support.DefaultListableBeanFactory.doGetBeanNamesForType(DefaultListableBeanFactory.java:356)
	at org.springframework.beans.factory.support.DefaultListableBeanFactory.getBeanNamesForType(DefaultListableBeanFactory.java:335)
	at org.springframework.beans.factory.BeanFactoryUtils.beanNamesForTypeIncludingAncestors(BeanFactoryUtils.java:187)
	at org.springframework.beans.factory.support.DefaultListableBeanFactory.findAutowireCandidates(DefaultListableBeanFactory.java:895)
	at org.springframework.beans.factory.support.DefaultListableBeanFactory.doResolveDependency(DefaultListableBeanFactory.java:853)
	at org.springframework.beans.factory.support.DefaultListableBeanFactory.resolveDependency(DefaultListableBeanFactory.java:768)
	at org.springframework.beans.factory.support.AbstractAutowireCapableBeanFactory.autowireByType(AbstractAutowireCapableBeanFactory.java:1200)
	... 40 more
Caused by: java.lang.ClassNotFoundException: cn.evun.ime.platform.web.security.ImeAuthenticationSuccessHandler
	at org.codehaus.plexus.classworlds.strategy.SelfFirstStrategy.loadClass(SelfFirstStrategy.java:50)
	at org.codehaus.plexus.classworlds.realm.ClassRealm.unsynchronizedLoadClass(ClassRealm.java:259)
	at org.codehaus.plexus.classworlds.realm.ClassRealm.loadClass(ClassRealm.java:235)
	at org.codehaus.plexus.classworlds.realm.ClassRealm.loadClass(ClassRealm.java:227)
	at org.mortbay.jetty.webapp.WebAppClassLoader.loadClass(WebAppClassLoader.java:375)
	at org.mortbay.jetty.webapp.WebAppClassLoader.loadClass(WebAppClassLoader.java:337)
	at org.springframework.util.ClassUtils.forName(ClassUtils.java:260)
	at org.springframework.beans.factory.support.AbstractBeanDefinition.resolveBeanClass(AbstractBeanDefinition.java:416)
	at org.springframework.beans.factory.support.AbstractBeanFactory.doResolveBeanClass(AbstractBeanFactory.java:1290)
	at org.springframework.beans.factory.support.AbstractBeanFactory.resolveBeanClass(AbstractBeanFactory.java:1261)
	... 49 more
2016-02-29 17:11:11  [ Timer-1:1438 ] - [ ERROR ]  <Context initialization failed>
org.springframework.beans.factory.BeanCreationException: Error creating bean with name 'essayService': Injection of resource dependencies failed; nested exception is org.springframework.beans.factory.UnsatisfiedDependencyException: Error creating bean with name 'essayDao' defined in file [C:\Users\zhanghongjiang\git\m0427\web\target\classes\com\m0427\web\dao\EssayDao.class]: Unsatisfied dependency expressed through bean property 'sqlSessionFactory': : Cannot find class [cn.evun.ime.platform.web.security.AuthorityAccessDeniedHandlerImpl] for bean with name 'accessDeniedHandler' defined in URL [file:/C:/Users/zhanghongjiang/git/m0427/web/target/classes/conf/security-config.xml]; nested exception is java.lang.ClassNotFoundException: cn.evun.ime.platform.web.security.AuthorityAccessDeniedHandlerImpl; nested exception is org.springframework.beans.factory.CannotLoadBeanClassException: Cannot find class [cn.evun.ime.platform.web.security.AuthorityAccessDeniedHandlerImpl] for bean with name 'accessDeniedHandler' defined in URL [file:/C:/Users/zhanghongjiang/git/m0427/web/target/classes/conf/security-config.xml]; nested exception is java.lang.ClassNotFoundException: cn.evun.ime.platform.web.security.AuthorityAccessDeniedHandlerImpl
	at org.springframework.context.annotation.CommonAnnotationBeanPostProcessor.postProcessPropertyValues(CommonAnnotationBeanPostProcessor.java:306)
	at org.springframework.beans.factory.support.AbstractAutowireCapableBeanFactory.populateBean(AbstractAutowireCapableBeanFactory.java:1122)
	at org.springframework.beans.factory.support.AbstractAutowireCapableBeanFactory.doCreateBean(AbstractAutowireCapableBeanFactory.java:522)
	at org.springframework.beans.factory.support.AbstractAutowireCapableBeanFactory.createBean(AbstractAutowireCapableBeanFactory.java:461)
	at org.springframework.beans.factory.support.AbstractBeanFactory$1.getObject(AbstractBeanFactory.java:295)
	at org.springframework.beans.factory.support.DefaultSingletonBeanRegistry.getSingleton(DefaultSingletonBeanRegistry.java:223)
	at org.springframework.beans.factory.support.AbstractBeanFactory.doGetBean(AbstractBeanFactory.java:292)
	at org.springframework.beans.factory.support.AbstractBeanFactory.getBean(AbstractBeanFactory.java:194)
	at org.springframework.beans.factory.support.DefaultListableBeanFactory.preInstantiateSingletons(DefaultListableBeanFactory.java:626)
	at org.springframework.context.support.AbstractApplicationContext.finishBeanFactoryInitialization(AbstractApplicationContext.java:932)
	at org.springframework.context.support.AbstractApplicationContext.refresh(AbstractApplicationContext.java:479)
	at org.springframework.web.context.ContextLoader.configureAndRefreshWebApplicationContext(ContextLoader.java:389)
	at org.springframework.web.context.ContextLoader.initWebApplicationContext(ContextLoader.java:294)
	at org.springframework.web.context.ContextLoaderListener.contextInitialized(ContextLoaderListener.java:112)
	at org.mortbay.jetty.handler.ContextHandler.startContext(ContextHandler.java:530)
	at org.mortbay.jetty.servlet.Context.startContext(Context.java:135)
	at org.mortbay.jetty.webapp.WebAppContext.startContext(WebAppContext.java:1218)
	at org.mortbay.jetty.handler.ContextHandler.doStart(ContextHandler.java:500)
	at org.mortbay.jetty.webapp.WebAppContext.doStart(WebAppContext.java:448)
	at org.mortbay.component.AbstractLifeCycle.start(AbstractLifeCycle.java:40)
	at org.mortbay.jetty.plugin.Jetty6PluginWebApplication.start(Jetty6PluginWebApplication.java:144)
	at org.mortbay.jetty.plugin.AbstractJettyRunMojo$1.filesChanged(AbstractJettyRunMojo.java:423)
	at org.mortbay.util.Scanner.reportBulkChanges(Scanner.java:456)
	at org.mortbay.util.Scanner.reportDifferences(Scanner.java:327)
	at org.mortbay.util.Scanner.scan(Scanner.java:254)
	at org.mortbay.util.Scanner$1.run(Scanner.java:225)
	at java.util.TimerThread.mainLoop(Timer.java:555)
	at java.util.TimerThread.run(Timer.java:505)
Caused by: org.springframework.beans.factory.UnsatisfiedDependencyException: Error creating bean with name 'essayDao' defined in file [C:\Users\zhanghongjiang\git\m0427\web\target\classes\com\m0427\web\dao\EssayDao.class]: Unsatisfied dependency expressed through bean property 'sqlSessionFactory': : Cannot find class [cn.evun.ime.platform.web.security.AuthorityAccessDeniedHandlerImpl] for bean with name 'accessDeniedHandler' defined in URL [file:/C:/Users/zhanghongjiang/git/m0427/web/target/classes/conf/security-config.xml]; nested exception is java.lang.ClassNotFoundException: cn.evun.ime.platform.web.security.AuthorityAccessDeniedHandlerImpl; nested exception is org.springframework.beans.factory.CannotLoadBeanClassException: Cannot find class [cn.evun.ime.platform.web.security.AuthorityAccessDeniedHandlerImpl] for bean with name 'accessDeniedHandler' defined in URL [file:/C:/Users/zhanghongjiang/git/m0427/web/target/classes/conf/security-config.xml]; nested exception is java.lang.ClassNotFoundException: cn.evun.ime.platform.web.security.AuthorityAccessDeniedHandlerImpl
	at org.springframework.beans.factory.support.AbstractAutowireCapableBeanFactory.autowireByType(AbstractAutowireCapableBeanFactory.java:1215)
	at org.springframework.beans.factory.support.AbstractAutowireCapableBeanFactory.populateBean(AbstractAutowireCapableBeanFactory.java:1107)
	at org.springframework.beans.factory.support.AbstractAutowireCapableBeanFactory.doCreateBean(AbstractAutowireCapableBeanFactory.java:522)
	at org.springframework.beans.factory.support.AbstractAutowireCapableBeanFactory.createBean(AbstractAutowireCapableBeanFactory.java:461)
	at org.springframework.beans.factory.support.AbstractBeanFactory$1.getObject(AbstractBeanFactory.java:295)
	at org.springframework.beans.factory.support.DefaultSingletonBeanRegistry.getSingleton(DefaultSingletonBeanRegistry.java:223)
	at org.springframework.beans.factory.support.AbstractBeanFactory.doGetBean(AbstractBeanFactory.java:292)
	at org.springframework.beans.factory.support.AbstractBeanFactory.getBean(AbstractBeanFactory.java:198)
	at org.springframework.context.annotation.CommonAnnotationBeanPostProcessor.autowireResource(CommonAnnotationBeanPostProcessor.java:442)
	at org.springframework.context.annotation.CommonAnnotationBeanPostProcessor.getResource(CommonAnnotationBeanPostProcessor.java:416)
	at org.springframework.context.annotation.CommonAnnotationBeanPostProcessor$ResourceElement.getResourceToInject(CommonAnnotationBeanPostProcessor.java:550)
	at org.springframework.beans.factory.annotation.InjectionMetadata$InjectedElement.inject(InjectionMetadata.java:150)
	at org.springframework.beans.factory.annotation.InjectionMetadata.inject(InjectionMetadata.java:87)
	at org.springframework.context.annotation.CommonAnnotationBeanPostProcessor.postProcessPropertyValues(CommonAnnotationBeanPostProcessor.java:303)
	... 27 more
Caused by: org.springframework.beans.factory.CannotLoadBeanClassException: Cannot find class [cn.evun.ime.platform.web.security.AuthorityAccessDeniedHandlerImpl] for bean with name 'accessDeniedHandler' defined in URL [file:/C:/Users/zhanghongjiang/git/m0427/web/target/classes/conf/security-config.xml]; nested exception is java.lang.ClassNotFoundException: cn.evun.ime.platform.web.security.AuthorityAccessDeniedHandlerImpl
	at org.springframework.beans.factory.support.AbstractBeanFactory.resolveBeanClass(AbstractBeanFactory.java:1269)
	at org.springframework.beans.factory.support.AbstractAutowireCapableBeanFactory.predictBeanType(AbstractAutowireCapableBeanFactory.java:578)
	at org.springframework.beans.factory.support.AbstractBeanFactory.isFactoryBean(AbstractBeanFactory.java:1338)
	at org.springframework.beans.factory.support.DefaultListableBeanFactory.doGetBeanNamesForType(DefaultListableBeanFactory.java:356)
	at org.springframework.beans.factory.support.DefaultListableBeanFactory.getBeanNamesForType(DefaultListableBeanFactory.java:335)
	at org.springframework.beans.factory.BeanFactoryUtils.beanNamesForTypeIncludingAncestors(BeanFactoryUtils.java:187)
	at org.springframework.beans.factory.support.DefaultListableBeanFactory.findAutowireCandidates(DefaultListableBeanFactory.java:895)
	at org.springframework.beans.factory.support.DefaultListableBeanFactory.doResolveDependency(DefaultListableBeanFactory.java:853)
	at org.springframework.beans.factory.support.DefaultListableBeanFactory.resolveDependency(DefaultListableBeanFactory.java:768)
	at org.springframework.beans.factory.support.AbstractAutowireCapableBeanFactory.autowireByType(AbstractAutowireCapableBeanFactory.java:1200)
	... 40 more
Caused by: java.lang.ClassNotFoundException: cn.evun.ime.platform.web.security.AuthorityAccessDeniedHandlerImpl
	at org.codehaus.plexus.classworlds.strategy.SelfFirstStrategy.loadClass(SelfFirstStrategy.java:50)
	at org.codehaus.plexus.classworlds.realm.ClassRealm.unsynchronizedLoadClass(ClassRealm.java:259)
	at org.codehaus.plexus.classworlds.realm.ClassRealm.loadClass(ClassRealm.java:235)
	at org.codehaus.plexus.classworlds.realm.ClassRealm.loadClass(ClassRealm.java:227)
	at org.mortbay.jetty.webapp.WebAppClassLoader.loadClass(WebAppClassLoader.java:375)
	at org.mortbay.jetty.webapp.WebAppClassLoader.loadClass(WebAppClassLoader.java:337)
	at org.springframework.util.ClassUtils.forName(ClassUtils.java:260)
	at org.springframework.beans.factory.support.AbstractBeanDefinition.resolveBeanClass(AbstractBeanDefinition.java:416)
	at org.springframework.beans.factory.support.AbstractBeanFactory.doResolveBeanClass(AbstractBeanFactory.java:1290)
	at org.springframework.beans.factory.support.AbstractBeanFactory.resolveBeanClass(AbstractBeanFactory.java:1261)
	... 49 more
2016-02-29 17:13:50  [ Timer-1:1624 ] - [ ERROR ]  <Context initialization failed>
org.springframework.beans.factory.BeanCreationException: Error creating bean with name 'essayService': Injection of resource dependencies failed; nested exception is org.springframework.beans.factory.UnsatisfiedDependencyException: Error creating bean with name 'essayDao' defined in file [C:\Users\zhanghongjiang\git\m0427\web\target\classes\com\m0427\web\dao\EssayDao.class]: Unsatisfied dependency expressed through bean property 'sqlSessionFactory': : Cannot find class [cn.evun.ime.platform.security.SecurityContextUtil] for bean with name 'securityContextUtil' defined in URL [file:/C:/Users/zhanghongjiang/git/m0427/web/target/classes/conf/security-config.xml]; nested exception is java.lang.ClassNotFoundException: cn.evun.ime.platform.security.SecurityContextUtil; nested exception is org.springframework.beans.factory.CannotLoadBeanClassException: Cannot find class [cn.evun.ime.platform.security.SecurityContextUtil] for bean with name 'securityContextUtil' defined in URL [file:/C:/Users/zhanghongjiang/git/m0427/web/target/classes/conf/security-config.xml]; nested exception is java.lang.ClassNotFoundException: cn.evun.ime.platform.security.SecurityContextUtil
	at org.springframework.context.annotation.CommonAnnotationBeanPostProcessor.postProcessPropertyValues(CommonAnnotationBeanPostProcessor.java:306)
	at org.springframework.beans.factory.support.AbstractAutowireCapableBeanFactory.populateBean(AbstractAutowireCapableBeanFactory.java:1122)
	at org.springframework.beans.factory.support.AbstractAutowireCapableBeanFactory.doCreateBean(AbstractAutowireCapableBeanFactory.java:522)
	at org.springframework.beans.factory.support.AbstractAutowireCapableBeanFactory.createBean(AbstractAutowireCapableBeanFactory.java:461)
	at org.springframework.beans.factory.support.AbstractBeanFactory$1.getObject(AbstractBeanFactory.java:295)
	at org.springframework.beans.factory.support.DefaultSingletonBeanRegistry.getSingleton(DefaultSingletonBeanRegistry.java:223)
	at org.springframework.beans.factory.support.AbstractBeanFactory.doGetBean(AbstractBeanFactory.java:292)
	at org.springframework.beans.factory.support.AbstractBeanFactory.getBean(AbstractBeanFactory.java:194)
	at org.springframework.beans.factory.support.DefaultListableBeanFactory.preInstantiateSingletons(DefaultListableBeanFactory.java:626)
	at org.springframework.context.support.AbstractApplicationContext.finishBeanFactoryInitialization(AbstractApplicationContext.java:932)
	at org.springframework.context.support.AbstractApplicationContext.refresh(AbstractApplicationContext.java:479)
	at org.springframework.web.context.ContextLoader.configureAndRefreshWebApplicationContext(ContextLoader.java:389)
	at org.springframework.web.context.ContextLoader.initWebApplicationContext(ContextLoader.java:294)
	at org.springframework.web.context.ContextLoaderListener.contextInitialized(ContextLoaderListener.java:112)
	at org.mortbay.jetty.handler.ContextHandler.startContext(ContextHandler.java:530)
	at org.mortbay.jetty.servlet.Context.startContext(Context.java:135)
	at org.mortbay.jetty.webapp.WebAppContext.startContext(WebAppContext.java:1218)
	at org.mortbay.jetty.handler.ContextHandler.doStart(ContextHandler.java:500)
	at org.mortbay.jetty.webapp.WebAppContext.doStart(WebAppContext.java:448)
	at org.mortbay.component.AbstractLifeCycle.start(AbstractLifeCycle.java:40)
	at org.mortbay.jetty.plugin.Jetty6PluginWebApplication.start(Jetty6PluginWebApplication.java:144)
	at org.mortbay.jetty.plugin.AbstractJettyRunMojo$1.filesChanged(AbstractJettyRunMojo.java:423)
	at org.mortbay.util.Scanner.reportBulkChanges(Scanner.java:456)
	at org.mortbay.util.Scanner.reportDifferences(Scanner.java:327)
	at org.mortbay.util.Scanner.scan(Scanner.java:254)
	at org.mortbay.util.Scanner$1.run(Scanner.java:225)
	at java.util.TimerThread.mainLoop(Timer.java:555)
	at java.util.TimerThread.run(Timer.java:505)
Caused by: org.springframework.beans.factory.UnsatisfiedDependencyException: Error creating bean with name 'essayDao' defined in file [C:\Users\zhanghongjiang\git\m0427\web\target\classes\com\m0427\web\dao\EssayDao.class]: Unsatisfied dependency expressed through bean property 'sqlSessionFactory': : Cannot find class [cn.evun.ime.platform.security.SecurityContextUtil] for bean with name 'securityContextUtil' defined in URL [file:/C:/Users/zhanghongjiang/git/m0427/web/target/classes/conf/security-config.xml]; nested exception is java.lang.ClassNotFoundException: cn.evun.ime.platform.security.SecurityContextUtil; nested exception is org.springframework.beans.factory.CannotLoadBeanClassException: Cannot find class [cn.evun.ime.platform.security.SecurityContextUtil] for bean with name 'securityContextUtil' defined in URL [file:/C:/Users/zhanghongjiang/git/m0427/web/target/classes/conf/security-config.xml]; nested exception is java.lang.ClassNotFoundException: cn.evun.ime.platform.security.SecurityContextUtil
	at org.springframework.beans.factory.support.AbstractAutowireCapableBeanFactory.autowireByType(AbstractAutowireCapableBeanFactory.java:1215)
	at org.springframework.beans.factory.support.AbstractAutowireCapableBeanFactory.populateBean(AbstractAutowireCapableBeanFactory.java:1107)
	at org.springframework.beans.factory.support.AbstractAutowireCapableBeanFactory.doCreateBean(AbstractAutowireCapableBeanFactory.java:522)
	at org.springframework.beans.factory.support.AbstractAutowireCapableBeanFactory.createBean(AbstractAutowireCapableBeanFactory.java:461)
	at org.springframework.beans.factory.support.AbstractBeanFactory$1.getObject(AbstractBeanFactory.java:295)
	at org.springframework.beans.factory.support.DefaultSingletonBeanRegistry.getSingleton(DefaultSingletonBeanRegistry.java:223)
	at org.springframework.beans.factory.support.AbstractBeanFactory.doGetBean(AbstractBeanFactory.java:292)
	at org.springframework.beans.factory.support.AbstractBeanFactory.getBean(AbstractBeanFactory.java:198)
	at org.springframework.context.annotation.CommonAnnotationBeanPostProcessor.autowireResource(CommonAnnotationBeanPostProcessor.java:442)
	at org.springframework.context.annotation.CommonAnnotationBeanPostProcessor.getResource(CommonAnnotationBeanPostProcessor.java:416)
	at org.springframework.context.annotation.CommonAnnotationBeanPostProcessor$ResourceElement.getResourceToInject(CommonAnnotationBeanPostProcessor.java:550)
	at org.springframework.beans.factory.annotation.InjectionMetadata$InjectedElement.inject(InjectionMetadata.java:150)
	at org.springframework.beans.factory.annotation.InjectionMetadata.inject(InjectionMetadata.java:87)
	at org.springframework.context.annotation.CommonAnnotationBeanPostProcessor.postProcessPropertyValues(CommonAnnotationBeanPostProcessor.java:303)
	... 27 more
Caused by: org.springframework.beans.factory.CannotLoadBeanClassException: Cannot find class [cn.evun.ime.platform.security.SecurityContextUtil] for bean with name 'securityContextUtil' defined in URL [file:/C:/Users/zhanghongjiang/git/m0427/web/target/classes/conf/security-config.xml]; nested exception is java.lang.ClassNotFoundException: cn.evun.ime.platform.security.SecurityContextUtil
	at org.springframework.beans.factory.support.AbstractBeanFactory.resolveBeanClass(AbstractBeanFactory.java:1269)
	at org.springframework.beans.factory.support.AbstractAutowireCapableBeanFactory.predictBeanType(AbstractAutowireCapableBeanFactory.java:578)
	at org.springframework.beans.factory.support.AbstractBeanFactory.isFactoryBean(AbstractBeanFactory.java:1338)
	at org.springframework.beans.factory.support.DefaultListableBeanFactory.doGetBeanNamesForType(DefaultListableBeanFactory.java:356)
	at org.springframework.beans.factory.support.DefaultListableBeanFactory.getBeanNamesForType(DefaultListableBeanFactory.java:335)
	at org.springframework.beans.factory.BeanFactoryUtils.beanNamesForTypeIncludingAncestors(BeanFactoryUtils.java:187)
	at org.springframework.beans.factory.support.DefaultListableBeanFactory.findAutowireCandidates(DefaultListableBeanFactory.java:895)
	at org.springframework.beans.factory.support.DefaultListableBeanFactory.doResolveDependency(DefaultListableBeanFactory.java:853)
	at org.springframework.beans.factory.support.DefaultListableBeanFactory.resolveDependency(DefaultListableBeanFactory.java:768)
	at org.springframework.beans.factory.support.AbstractAutowireCapableBeanFactory.autowireByType(AbstractAutowireCapableBeanFactory.java:1200)
	... 40 more
Caused by: java.lang.ClassNotFoundException: cn.evun.ime.platform.security.SecurityContextUtil
	at org.codehaus.plexus.classworlds.strategy.SelfFirstStrategy.loadClass(SelfFirstStrategy.java:50)
	at org.codehaus.plexus.classworlds.realm.ClassRealm.unsynchronizedLoadClass(ClassRealm.java:259)
	at org.codehaus.plexus.classworlds.realm.ClassRealm.loadClass(ClassRealm.java:235)
	at org.codehaus.plexus.classworlds.realm.ClassRealm.loadClass(ClassRealm.java:227)
	at org.mortbay.jetty.webapp.WebAppClassLoader.loadClass(WebAppClassLoader.java:375)
	at org.mortbay.jetty.webapp.WebAppClassLoader.loadClass(WebAppClassLoader.java:337)
	at org.springframework.util.ClassUtils.forName(ClassUtils.java:260)
	at org.springframework.beans.factory.support.AbstractBeanDefinition.resolveBeanClass(AbstractBeanDefinition.java:416)
	at org.springframework.beans.factory.support.AbstractBeanFactory.doResolveBeanClass(AbstractBeanFactory.java:1290)
	at org.springframework.beans.factory.support.AbstractBeanFactory.resolveBeanClass(AbstractBeanFactory.java:1261)
	... 49 more
